                        ; --------------------------------------
                        ; zasm: assemble "sample5_cgc_RAM.asm"
                        ; date: 2023-07-12 22:35:39
                        ; --------------------------------------


                        ;******************************
                        ;Ｚ８４Ｃ０１５専用セットアップ
                        ;******************************
                        ;AKI80スタートアップアセンブラ
                        
8000:                   DBUG	EQU	8000H		;Z VISION REMOTEを使用するときは8000H
                        				;ROMに焼くときは0000H
                        
                        ;	パラレルポートI/Oアドレスセット
001C:                   PIOA	EQU	1CH		;Ａポートデータ
001E:                   PIOB	EQU	1EH		;Ｂポートデータ
                        
                        ;	ＳＩＯポートI/Oアドレスセット
0018:                   SIOA	EQU	18H		;chA送信/受信バッファ
001A:                   SIOB	EQU	1AH		;chB送信/受信バッファ
                        
                        ;	カウンタタイマI/Oアドレスセット
0010:                   CTC0	EQU	10H		;CTC0のアドレス
0011:                   CTC1	EQU	11H		;CTC1のアドレス
0012:                   CTC2	EQU	12H		;CTC2のアドレス
0013:                   CTC3	EQU	13H		;CTC3のアドレス
                        
                        ;	Ｚ８４Ｃ０１５専用I/Oアドレスセット
00F0:                   WDM	EQU	0F0H	;WDTER,WDTPR,HALTMR
00F1:                   WDC	EQU	0F1H	;クリアー(4EH) ディセーブル(B1H)
00F4:                   DGC	EQU	0F4H	;デイジーチェーン設定(bit0-bit2)
004E:                   WDCL	EQU	4EH	;ウォッチドッグクリアコマンドデータ
00DB:                   HMCR	EQU	0DBH	;ホルトモードコントロールコマンドデータ
                        
                        
                        ;********************************
                        ;	Ｉ／Ｏセットデータ
                        ;********************************
                        ;適宜変更のこと
                        
8000:                   	ORG	DBUG
8000: C30081   [10]     	JP	START
8003:                   PIOACD:
8003: CF                	DB	0CFH	;PIOAモードワード			**001111 (モード3)
8004: FF                	DB	0FFH	;PIOAデータディレクションワード		(全ビット入力)
8005: 97                	DB	97H	;PIOAインタラプトコントロールワード	****0111 (割込み有効)
8006: FE                	DB	0FEH	;PIOAインタラプトマスクワード
8007: E4                	DB	0E4H	;PIOAインタラプトベクタ
8008:                   PAEND	EQU	$
8008:                   PIOBCD:
8008: CF                	DB	0CFH	;PIOBモードワード			**001111 (モード3)
8009: 00                	DB	00H	;PIOBデータディレクションワード		(全ビット出力)
800A: 07                	DB	07H	;PIOBインタラプトコントロールワード	****0111 (割込み無効)
                        ;	DB	00H	;PIOBインタラプトマスクワード		(未使用)
                        ;	DB	0E6H	;PIOBインタラプトベクタ			(未使用)
800B:                   PBEND	EQU	$
                        
                        ;SIOACD:
                        ;	DB	18H	;SIOA WR0 チャンネルリセット
                        ;	DB	04H	;SIOA WR0 ポインタ４
                        ;	DB	44H	;SIOA WR4 ｸﾛｯｸ ｼﾝｸﾓｰﾄﾞ ｽﾄｯﾌﾟ ﾋﾞｯﾄ ﾊﾟﾘﾃｨ ｲﾈｰﾌﾞﾙ
                        ;	DB	01H	;SIOA WR0 ポインタ１
                        ;	DB	10H	;SIOA WR1 割り込み制御ウェイト／レディ		(受信ｷｬﾗｸﾀ割り込み可)
                        ;	DB	03H	;SIOA WR0 ポインタ３
                        ;	DB	0C1H	;SIOA WR3 受信バッファ制御情報
                        ;	DB	05H	;SIOA WR0 ポインタ５
                        ;	DB	68H	;SIOA WR5 送信バッファ制御情報
                        ;SAEND	EQU	$
                        ;SIOBCD:
                        ;	DB	18H	;SIOB WR0 チャンネルリセット
                        ;	DB	04H	;SIOB WR0 ポインタ４
                        ;	DB	44H	;SIOB WR4 ｸﾛｯｸ ｼﾝｸﾓｰﾄﾞ ｽﾄｯﾌﾟ ﾋﾞｯﾄ ﾊﾟﾘﾃｨ ｲﾈｰﾌﾞﾙ
                        ;	DB	01H	;SIOB WR0 ポインタ１
                        ;	DB	04H	;SIOB WR1 割り込み制御ウェイト／レディ		(ｽﾃｰﾀｽ ｱﾌｪｸﾂ ﾍﾞｸﾄﾙ)
                        ;	DB	02H	;SIOB WR0 ポインタ２
                        ;	DB	0F0H	;SIOB WR2 インタラプトベクタ			(割り込みﾍﾞｸﾄﾙ)
                        ;	DB	03H	;SIOB WR0 ポインタ３
                        ;	DB	0C1H	;SIOB WR3 受信バッファ制御情報
                        ;	DB	05H	;SIOB WR0 ポインタ５
                        ;	DB	68H	;SIOB WR5 送信バッファ制御情報
                        ;SBEND	EQU	$
                        
800B:                   CTC0CD:
800B: 25                	DB	25H	;CTC0 チャンネルコントロールワード	*******1 (タイマモード)
800C: F0                	DB	240	;CTC0 タイムコンスタントレジスタ	(200Hz: 5ms周期)
800D: E8                	DB	0E8H	;CTC0 インタラプトベクタ		*****000 (全チャネル用)
800E:                   C0END	EQU	$
800E:                   CTC1CD:
800E: C5                	DB	0C5H	;CTC1 チャンネルコントロールワード	*******1 (カウンタモード)
800F: C8                	DB	200	;CTC1 タイムコンスタントレジスタ	(1Hz: 1s周期)
8010:                   C1END	EQU	$
8010:                   CTC2CD:
8010: 05                	DB	05H	;CTC2 チャンネルコントロールワード	*******1
8011: 00                	DB	00H	;CTC2 タイムコンスタントレジスタ
8012:                   C2END	EQU	$
8012:                   CTC3CD:
8012: 05                	DB	05H	;CTC3 チャンネルコントロールワード	*******1 (タイマモード)
8013: 05                	DB	5	;CTC3 タイムコンスタントレジスタ	(153.6kHz)
8014:                   C3END	EQU	$
                        
8014:                   WDMCD:
                        ;	DB	0F3H	;ウォッチドッグ，ホルトモード設定	*****011 (STOPモード)
                        ;	DB	0E3H	;ウォッチドッグ，ホルトモード設定	*****011 (IDLE1モード)
                        ;	DB	0EBH	;ウォッチドッグ，ホルトモード設定	*****011 (IDLE2モード)
8014: FB                	DB	0FBH	;ウォッチドッグ，ホルトモード設定	*****011 (RUNモード)
8015:                   DGCCD:
8015: 00                	DB	00H	;デイジーチェーン順位設定		00000*** (CTC > SIO > PIO)
                        
                        
                        ;*****************************
                        ;	ＩＮＴ処理(IM1)
                        ;*****************************
                        
8016: FFFFFFFF          	ORG	DBUG + 0038H
801A: FF...             
8038: FB       [ 4]     	EI
8039: ED4D     [18]     	RETI
                        
                        
                        ;***********************
                        ;	ＮＭＩ処理
                        ;***********************
                        
803B: FFFFFFFF          	ORG	DBUG + 0066H
803F: FF...             
8066: F5       [29]     	PUSH	AF
8067: 3E55     [36]     	LD	A, 55H
8069: D31E     [47]     	OUT	(PIOB), A		;ポートBに出力
806B: 3E32     [54]     	LD	A, '2'
                        ;	CALL	SEND			;送信要求 (Aレジスタ)
806D: 0E02     [61]     	LD	C, 02H
806F: F7       [72]     	RST	30H			;CONOUT
8070: F1       [82]     	POP	AF
                        ;	HALT
8071: ED45     [96]     	RETN			;ＮＭＩ禁止
                        
                        
                        ;*******************************
                        ;	Ｉ／Ｏセットアップ
                        ;*******************************
                        
8073:                   IOSET:
8073: 210380   [10]     	LD	HL, PIOACD		;PIOAコマンドセットアップ
8076: 0605     [17]     	LD	B, PAEND - PIOACD
8078: 0E1D     [24]     	LD	C, PIOA + 1		;PIOAコマンドアドレス(1DH)
807A: EDB3     [40|21]  	OTIR
807C: 210880   [50]     	LD	HL, PIOBCD		;PIOBコマンドセットアップ
807F: 0603     [57]     	LD	B, PBEND - PIOBCD
8081: 0E1F     [64]     	LD	C, PIOB + 1		;PIOBコマンドアドレス(1FH)
8083: EDB3     [80|21]  	OTIR
8085: 210B80   [90]     	LD	HL, CTC0CD		;CTC0コマンドセットアップ
8088: 0603     [97]     	LD	B, C0END - CTC0CD
808A: 0E10     [104]    	LD	C, CTC0
808C: EDB3     [120|21] 	OTIR
808E: 210E80   [130]    	LD	HL, CTC1CD		;CTC1コマンドセットアップ
8091: 0602     [137]    	LD	B, C1END - CTC1CD
8093: 0E11     [144]    	LD	C, CTC1
8095: EDB3     [160|21] 	OTIR
8097: 211080   [170]    	LD	HL, CTC2CD		;CTC2コマンドセットアップ
809A: 0602     [177]    	LD	B, C2END - CTC2CD
809C: 0E12     [184]    	LD	C, CTC2
809E: EDB3     [200|21] 	OTIR
80A0: 211280   [210]    	LD	HL, CTC3CD		;CTC3コマンドセットアップ
80A3: 0602     [217]    	LD	B, C3END - CTC3CD
80A5: 0E13     [224]    	LD	C, CTC3
80A7: EDB3     [240|21] 	OTIR
                        ;	LD	HL, SIOACD		;SIOAコマンドセットアップ
                        ;	LD	B, SAEND - SIOACD
                        ;	LD	C, SIOA + 1		;SIOAコマンドアドレス(19H)
                        ;	OTIR
                        ;	LD	HL, SIOBCD		;SIOBコマンドセットアップ
                        ;	LD	B, SBEND - SIOBCD
                        ;	LD	C, SIOB + 1		;SIOBコマンドアドレス(1BH)
                        ;	OTIR
80A9: 3EDB     [247]    	LD	A, HMCR			;ホルトモードコントロール
80AB: D3F1     [258]    	OUT	(WDC), A
80AD: 3A1480   [271]    	LD	A, (WDMCD)		;ウォッチドッグ，ホルトモードセット
80B0: D3F0     [282]    	OUT	(WDM), A
80B2: 3A1580   [295]    	LD	A, (DGCCD)		;割り込み優先順位セット
80B5: D3F4     [306]    	OUT	(DGC), A
80B7: 3E4E     [ 7]     WDOG:	LD	A, WDCL			;ウォッチドッグクリア
80B9: D3F1     [18]     	OUT	(WDC), A
80BB: C9       [28]     	RET
                        
                        
                        ;**************************************
                        ;	割り込みアドレス，DWL設定
                        ;	アドレス値をそのまま記入
                        ;**************************************
                        
80BC: FFFFFFFF          	ORG	DBUG + 00E4H
80C0: FF...             
80E4: 4681              	DW	INTPA			;PIOA割り込み
80E6: 0000              	DW	0000H			;PIOB割り込み
80E8: 0000              	DW	0000H			;CTC0割り込み
80EA: 3781              	DW	INTCT1			;CTC1割り込み
80EC: 0000              	DW	0000H			;CTC2割り込み
80EE: 0000              	DW	0000H			;CTC3割り込み
80F0: 0000              	DW	0000H			;SIOBトランスミッタバッファエンプティ
80F2: 0000              	DW	0000H			;SIOB外部／ステータス割り込み
80F4: 0000              	DW	0000H			;SIOBレシーバキャラクタアベイラブル
80F6: 0000              	DW	0000H			;SIOB特殊受信状態
80F8: 0000              	DW	0000H			;SIOAトランスミッタバッファエンプティ
80FA: 0000              	DW	0000H			;SIOA外部／ステータス割り込み
80FC: 0000              	DW	0000H			;SIOAレシーバキャラクタアベイラブル
80FE: 0000              	DW	0000H			;SIOA特殊受信状態
                        
                        
                        ;************************************************************************
                        ;	メインルーチンスタート
                        ;************************************************************************
                        
                        	ORG	DBUG + 0100H
                        
8100: F3       [ 4]     START:	DI				;セットアップ中、割り込み不可
8101: ED5E     [12]     	IM	2			;割り込みモード２
8103: 3E80     [19]     	LD	A, DBUG / 100H		;割り込み上位ベクタロード
8105: ED47     [28]     	LD	I, A
8107: 310000   [38]     	LD	SP, 0000H		;スタックポインタ FFFFHから
                        
                        ;	LD	HL, 8000H		;外部I/O使用時のRESET待ち
                        ;WAIT:	DEC	HL
                        ;	LD	A, H
                        ;	OR	L
                        ;	JR	NZ, WAIT
                        
810A: CD7380   [55]     	CALL	IOSET
810D: FB       [59]     	EI
                        
                        	;ここからプログラムを書く
810E: AF       [63]     	XOR	A			;A=0
810F: 320190   [76]     	LD	(FLAG), A		;FLAGを初期化
8112: DB1C     [87]     	IN	A, (PIOA)		;ポートAを入力
8114: 320090   [100]    	LD	(VALUE), A		;VALUEを初期化
8117: 3E30     [107]    	LD	A, '0'
                        ;	CALL	SEND			;送信要求 (Aレジスタ)
8119: 0E02     [114]    	LD	C, 02H
811B: F7       [125]    	RST	30H			;CONOUT
811C:                   LOOP:
811C: 0E05     [ 7]     	LD	C, 05H
811E: F7       [18]     	RST	30H			;CONST
811F: 280E     [25|30]  	JR	Z, LOOP1
8121: 0E04     [32]     	LD	C, 04H
8123: F7       [43]     	RST	30H			;CONIN
8124: 0E02     [50]     	LD	C, 02H
8126: F7       [61]     	RST	30H			;CONOUT
8127: 3A0090   [74]     	LD	A, (VALUE)
812A: C610     [81]     	ADD	A, 10H			;VALUEを更新
812C: 320090   [94]     	LD	(VALUE), A
812F:                   LOOP1:
812F: CD5881   [17]     	CALL	SLEEP			;省電力モード移行判定
8132: CDB780   [34]     	CALL	WDOG			;ウォッチドッグクリア
8135: 18E5     [46]     	JR	LOOP
                        
                        ;CTC0割り込み (5ms周期)
                        ;INTCT0:
                        ;	PUSH	AF
                        ;	LD	A, (VALUE)
                        ;	OUT	(PIOB), A		;ポートBに出力
                        ;	POP	AF
                        ;	EI
                        ;	RETI
                        
                        ;CTC1割り込み (1s周期)
8137:                   INTCT1:
8137: F5       [11]     	PUSH	AF
8138: 3A0090   [24]     	LD	A, (VALUE)
813B: 3C       [28]     	INC	A			;VALUEを更新
813C: 320090   [41]     	LD	(VALUE), A
813F: F1       [51]     	POP	AF
8140: CD5081   [68]     	CALL	POUT			;ポート出力
8143: FB       [72]     	EI
8144: ED4D     [86]     	RETI
                        
                        ;SIOAトランスミッタバッファエンプティ
                        ;INTSA0:
                        ;	PUSH	AF
                        ;	CALL	DISATX			;送信割り込み禁止
                        ;	LD	A, (VALUE)
                        ;	ADD	A, 10H			;VALUEを更新
                        ;	LD	(VALUE), A
                        ;	POP	AF
                        ;	EI
                        ;	RETI
                        
                        ;SIOAレシーバキャラクタアベイラブル
                        ;INTSA2:
                        ;	PUSH	AF
                        ;	CALL	EISATX			;送信割り込み許可
                        ;	IN	A, (SIOA)		;受信
                        ;	INC	A
                        ;	CALL	SEND			;送信要求 (Aレジスタ)
                        ;	POP	AF
                        ;	EI
                        ;	RETI
                        
                        ;SIOA特殊受信状態
                        ;INTSA3:
                        ;	PUSH	AF
                        ;	LD	A, 0AAH
                        ;	OUT	(PIOB), A		;ポートBに出力
                        ;	POP	AF
                        ;	EI
                        ;	HALT				;HALT (割り込み許可)
                        ;					;【注意】割込み処理中のHALTは復帰できない。
                        ;					;　※タイマ割込み、NMIでは機能せず (RESETは有効)
                        ;	RETI
                        
                        ;PIOA割り込み
8146:                   INTPA:
8146: F5       [11]     	PUSH	AF
                        ;	IN	A, (PIOA)		;ポートAを入力
                        ;	LD	(VALUE), A		;VALUEを再設定
8147: 3ECC     [18]     	LD	A, 0CCH			;
8149: 320190   [31]     	LD	(FLAG), A		;FLAG=0xCC
814C: F1       [41]     	POP	AF
814D: FB       [45]     	EI
814E: ED4D     [59]     	RETI
                        
                        ;ポート出力
8150:                   POUT:
8150: F5       [11]     	PUSH	AF
8151: 3A0090   [24]     	LD	A, (VALUE)
8154: D31E     [35]     	OUT	(PIOB), A		;ポートBに出力
8156: F1       [45]     	POP	AF
8157: C9       [55]     	RET
                        
                        ;送信要求 (Aレジスタ)
                        ;SEND:
                        ;	PUSH	AF
                        ;SEND1:
                        ;	IN	A, (SIOA + 1)		;RR0を読み込む
                        ;	BIT	2, A			;送信バッファ・エンプティを確認
                        ;	JR	Z, SEND1
                        ;	POP	AF
                        ;	OUT	(SIOA), A		;送信
                        ;	RET
                        
                        ;送信割り込み許可
                        ;EISATX:
                        ;	PUSH	AF
                        ;	LD	A, 01H			;SIOA WR0 (レジスタ1)
                        ;	OUT	(SIOA + 1), A
                        ;	LD	A, 12H			;SIOA WR1 (送信割り込み可)
                        ;	OUT	(SIOA + 1), A
                        ;	POP	AF
                        ;	RET
                        
                        ;送信割り込み禁止
                        ;DISATX:
                        ;	PUSH	AF
                        ;	LD	A, 01H			;SIOA WR0 (レジスタ1)
                        ;	OUT	(SIOA + 1), A
                        ;	LD	A, 10H			;SIOA WR1 (送信割り込み不可)
                        ;	OUT	(SIOA + 1), A
                        ;	POP	AF
                        ;	RET
                        
                        ;省電力モード移行判定
8158:                   SLEEP:
8158: F5       [11]     	PUSH	AF
8159: 3A0190   [24]     	LD	A, (FLAG)
815C: FECC     [31]     	CP	A, 0CCH			;FLAG==0xCC
815E: 200E     [38|43]  	JR	NZ, SLEEP1
8160: AF       [42]     	XOR	A			;A=0
8161: 320190   [55]     	LD	(FLAG), A		;FLAGを初期化
8164: 3EDB     [62]     	LD	A, 0DBH
8166: D31E     [73]     	OUT	(PIOB), A		;ポートBに出力
8168: 76       [77]     	HALT
8169: 3E31     [84]     	LD	A, '1'
                        ;	CALL	SEND			;送信要求 (Aレジスタ)
816B: 0E02     [91]     	LD	C, 02H
816D: F7       [102]    	RST	30H			;CONOUT
816E:                   SLEEP1:
816E: F1       [10]     	POP	AF
816F: C9       [20]     	RET
                        
                        
                        ;**************************************
                        ;	ＲＡＭ配置
                        ;**************************************
                        
8170: FFFFFFFF          	ORG	DBUG + 1000H
8174: FF...             
                        
9000: 00                VALUE:	DEFB	00H
9001: 00                FLAG:	DEFB	00H
                        
                        	END


; +++ segments +++

#CODE          = $8000 = 32768,  size = $1002 =  4098

; +++ global symbols +++

C0END   = $800E = 32782          sample5_cgc_RAM.asm:82
C1END   = $8010 = 32784          sample5_cgc_RAM.asm:86
C2END   = $8012 = 32786          sample5_cgc_RAM.asm:90
C3END   = $8014 = 32788          sample5_cgc_RAM.asm:94
CTC0    = $0010 =    16          sample5_cgc_RAM.asm:18
CTC0CD  = $800B = 32779          sample5_cgc_RAM.asm:78
CTC1    = $0011 =    17          sample5_cgc_RAM.asm:19
CTC1CD  = $800E = 32782          sample5_cgc_RAM.asm:83
CTC2    = $0012 =    18          sample5_cgc_RAM.asm:20
CTC2CD  = $8010 = 32784          sample5_cgc_RAM.asm:87
CTC3    = $0013 =    19          sample5_cgc_RAM.asm:21
CTC3CD  = $8012 = 32786          sample5_cgc_RAM.asm:91
DBUG    = $8000 = 32768          sample5_cgc_RAM.asm:6
DGC     = $00F4 =   244          sample5_cgc_RAM.asm:26
DGCCD   = $8015 = 32789          sample5_cgc_RAM.asm:101
FLAG    = $9001 = 36865          sample5_cgc_RAM.asm:378
HMCR    = $00DB =   219          sample5_cgc_RAM.asm:28
INTCT1  = $8137 = 33079          sample5_cgc_RAM.asm:257
INTPA   = $8146 = 33094          sample5_cgc_RAM.asm:302
IOSET   = $8073 = 32883          sample5_cgc_RAM.asm:135
LOOP    = $811C = 33052          sample5_cgc_RAM.asm:231
LOOP1   = $812F = 33071          sample5_cgc_RAM.asm:242
PAEND   = $8008 = 32776          sample5_cgc_RAM.asm:44
PBEND   = $800B = 32779          sample5_cgc_RAM.asm:51
PIOA    = $001C =    28          sample5_cgc_RAM.asm:10
PIOACD  = $8003 = 32771          sample5_cgc_RAM.asm:38
PIOB    = $001E =    30          sample5_cgc_RAM.asm:11
PIOBCD  = $8008 = 32776          sample5_cgc_RAM.asm:45
POUT    = $8150 = 33104          sample5_cgc_RAM.asm:313
SIOA    = $0018 =    24          sample5_cgc_RAM.asm:14 (unused)
SIOB    = $001A =    26          sample5_cgc_RAM.asm:15 (unused)
SLEEP   = $8158 = 33112          sample5_cgc_RAM.asm:352
SLEEP1  = $816E = 33134          sample5_cgc_RAM.asm:366
START   = $8100 = 33024          sample5_cgc_RAM.asm:207
VALUE   = $9000 = 36864          sample5_cgc_RAM.asm:377
WDC     = $00F1 =   241          sample5_cgc_RAM.asm:25
WDCL    = $004E =    78          sample5_cgc_RAM.asm:27
WDM     = $00F0 =   240          sample5_cgc_RAM.asm:24
WDMCD   = $8014 = 32788          sample5_cgc_RAM.asm:96
WDOG    = $80B7 = 32951          sample5_cgc_RAM.asm:174
_end    = $9002 = 36866          sample5_cgc_RAM.asm:36 (unused)
_size   = $1002 =  4098          sample5_cgc_RAM.asm:36 (unused)


total time: 0.0328 sec.
no errors
