                        ; --------------------------------------
                        ; zasm: assemble "unimon1_dbg.asm"
                        ; date: 2023-07-15 04:43:32
                        ; --------------------------------------


                        ;******************************
                        ;Ｚ８４Ｃ０１５専用セットアップ
                        ;******************************
                        ;AKI80スタートアップアセンブラ
                        
8000:                   DBUG	EQU	8000H		;Universal Monitorを使用するときは8000H
                        				;ROMに焼くときは0000H
                        
                        ;	パラレルポートI/Oアドレスセット
001C:                   PIOA	EQU	1CH		;Ａポートデータ
001E:                   PIOB	EQU	1EH		;Ｂポートデータ
                        
                        ;	ＳＩＯポートI/Oアドレスセット
0018:                   SIOA	EQU	18H		;chA送信/受信バッファ
001A:                   SIOB	EQU	1AH		;chB送信/受信バッファ
                        
                        ;	カウンタタイマI/Oアドレスセット
0010:                   CTC0	EQU	10H		;CTC0のアドレス
0011:                   CTC1	EQU	11H		;CTC1のアドレス
0012:                   CTC2	EQU	12H		;CTC2のアドレス
0013:                   CTC3	EQU	13H		;CTC3のアドレス
                        
                        ;	Ｚ８４Ｃ０１５専用I/Oアドレスセット
00F0:                   WDM	EQU	0F0H	;WDTER,WDTPR,HALTMR
00F1:                   WDC	EQU	0F1H	;クリアー(4EH) ディセーブル(B1H)
00F4:                   DGC	EQU	0F4H	;デイジーチェーン設定(bit0-bit2)
                        ;	Ｚ８４Ｃ０１５専用コマンドデータ
004E:                   WDCL	EQU	4EH	;ウォッチドッグクリアコマンドデータ
00B1:                   WDDE	EQU	0B1H	;ウォッチディセーブルコマンドデータ
00DB:                   HMCR	EQU	0DBH	;ホルトモードコントロールコマンドデータ
                        
                        
                        ;********************************
                        ;	Ｉ／Ｏセットデータ
                        ;********************************
                        ;適宜変更のこと
                        
8000:                   	ORG	DBUG
8000: C30081   [10]     	JP	START
8003:                   PIOACD:
8003: CF                	DB	0CFH	;PIOAモードワード			**001111 (モード3)
8004: FF                	DB	0FFH	;PIOAデータディレクションワード		(全ビット入力)
8005: 97                	DB	97H	;PIOAインタラプトコントロールワード	****0111 (割込み有効)
8006: FE                	DB	0FEH	;PIOAインタラプトマスクワード
8007: E4                	DB	0E4H	;PIOAインタラプトベクタ
8008:                   PAEND	EQU	$
8008:                   PIOBCD:
8008: CF                	DB	0CFH	;PIOBモードワード			**001111 (モード3)
8009: 00                	DB	00H	;PIOBデータディレクションワード		(全ビット出力)
800A: 07                	DB	07H	;PIOBインタラプトコントロールワード	****0111 (割込み無効)
                        ;	DB	00H	;PIOBインタラプトマスクワード		(未使用)
                        ;	DB	0E6H	;PIOBインタラプトベクタ			(未使用)
800B:                   PBEND	EQU	$
                        
                        ;SIOACD:
                        ;	DB	18H	;SIOA WR0 チャンネルリセット
                        ;	DB	04H	;SIOA WR0 ポインタ４
                        ;	DB	44H	;SIOA WR4 ｸﾛｯｸ ｼﾝｸﾓｰﾄﾞ ｽﾄｯﾌﾟ ﾋﾞｯﾄ ﾊﾟﾘﾃｨ ｲﾈｰﾌﾞﾙ
                        ;	DB	01H	;SIOA WR0 ポインタ１
                        ;	DB	10H	;SIOA WR1 割り込み制御ウェイト／レディ		(受信ｷｬﾗｸﾀ割り込み可)
                        ;	DB	03H	;SIOA WR0 ポインタ３
                        ;	DB	0C1H	;SIOA WR3 受信バッファ制御情報
                        ;	DB	05H	;SIOA WR0 ポインタ５
                        ;	DB	68H	;SIOA WR5 送信バッファ制御情報
                        ;SAEND	EQU	$
                        ;SIOBCD:
                        ;	DB	18H	;SIOB WR0 チャンネルリセット
                        ;	DB	04H	;SIOB WR0 ポインタ４
                        ;	DB	44H	;SIOB WR4 ｸﾛｯｸ ｼﾝｸﾓｰﾄﾞ ｽﾄｯﾌﾟ ﾋﾞｯﾄ ﾊﾟﾘﾃｨ ｲﾈｰﾌﾞﾙ
                        ;	DB	01H	;SIOB WR0 ポインタ１
                        ;	DB	04H	;SIOB WR1 割り込み制御ウェイト／レディ		(ｽﾃｰﾀｽ ｱﾌｪｸﾂ ﾍﾞｸﾄﾙ)
                        ;	DB	02H	;SIOB WR0 ポインタ２
                        ;	DB	0F0H	;SIOB WR2 インタラプトベクタ			(割り込みﾍﾞｸﾄﾙ)
                        ;	DB	03H	;SIOB WR0 ポインタ３
                        ;	DB	0C1H	;SIOB WR3 受信バッファ制御情報
                        ;	DB	05H	;SIOB WR0 ポインタ５
                        ;	DB	68H	;SIOB WR5 送信バッファ制御情報
                        ;SBEND	EQU	$
                        
800B:                   CTC0CD:
800B: A5                	DB	0A5H	;CTC0 チャンネルコントロールワード	*******1 (タイマモード)
800C: F0                	DB	240	;CTC0 タイムコンスタントレジスタ	(200Hz: 5ms周期)
800D: E8                	DB	0E8H	;CTC0 インタラプトベクタ		*****000 (全チャネル用)
800E:                   C0END	EQU	$
800E:                   CTC1CD:
800E: C5                	DB	0C5H	;CTC1 チャンネルコントロールワード	*******1 (カウンタモード)
800F: C8                	DB	200	;CTC1 タイムコンスタントレジスタ	(1Hz: 1s周期)
8010:                   C1END	EQU	$
8010:                   CTC2CD:
8010: 05                	DB	05H	;CTC2 チャンネルコントロールワード	*******1
8011: 00                	DB	00H	;CTC2 タイムコンスタントレジスタ
8012:                   C2END	EQU	$
8012:                   CTC3CD:
8012: 05                	DB	05H	;CTC3 チャンネルコントロールワード	*******1 (タイマモード)
8013: 05                	DB	5	;CTC3 タイムコンスタントレジスタ	(153.6kHz)
8014:                   C3END	EQU	$
                        
8014:                   WDMCD:
                        ;	DB	0F3H	;ウォッチドッグ，ホルトモード設定	*****011 (STOPモード)
                        ;	DB	0E3H	;ウォッチドッグ，ホルトモード設定	*****011 (IDLE1モード)
                        ;	DB	0EBH	;ウォッチドッグ，ホルトモード設定	*****011 (IDLE2モード)
8014: FB                	DB	0FBH	;ウォッチドッグ，ホルトモード設定	*****011 (RUNモード)
8015:                   DGCCD:
8015: 00                	DB	00H	;デイジーチェーン順位設定		00000*** (CTC > SIO > PIO)
                        
                        
                        ;*****************************
                        ;	ＩＮＴ処理(IM1)
                        ;*****************************
                        
8016: FFFFFFFF          	ORG	DBUG + 0038H
801A: FF...             
8038:                   INT:
8038: FB       [ 4]     	EI
8039: ED4D     [18]     	RETI
                        
                        
                        ;***********************
                        ;	ＮＭＩ処理
                        ;***********************
                        
803B: FFFFFFFF          	ORG	DBUG + 0066H
803F: FF...             
8066:                   NMI:
8066: F5       [11]     	PUSH	AF
8067: C5       [22]     	PUSH	BC
8068: 3E32     [29]     	LD	A, '2'
806A: 0E02     [36]     	LD	C, 02H
806C: F7       [47]     	RST	30H			;[UniMon] CONOUT
806D: 3EFF     [54]     	LD	A, 0FFH
806F: 321F81   [67]     	LD	(DBGP), A		;デバッグ用命令に書換え
8072: C1       [77]     	POP	BC
8073: F1       [87]     	POP	AF
8074: ED45     [101]    	RETN
                        
                        
                        ;*******************************
                        ;	Ｉ／Ｏセットアップ
                        ;*******************************
                        
8076: FFFFFFFF          	ORG	DBUG + 0080H
807A: FF...             
8080:                   IOSET:
8080: 210380   [10]     	LD	HL, PIOACD		;PIOAコマンドセットアップ
8083: 0605     [17]     	LD	B, PAEND - PIOACD
8085: 0E1D     [24]     	LD	C, PIOA + 1		;PIOAコマンドアドレス(1DH)
8087: EDB3     [40|21]  	OTIR
8089: 210880   [50]     	LD	HL, PIOBCD		;PIOBコマンドセットアップ
808C: 0603     [57]     	LD	B, PBEND - PIOBCD
808E: 0E1F     [64]     	LD	C, PIOB + 1		;PIOBコマンドアドレス(1FH)
8090: EDB3     [80|21]  	OTIR
8092: 210B80   [90]     	LD	HL, CTC0CD		;CTC0コマンドセットアップ
8095: 0603     [97]     	LD	B, C0END - CTC0CD
8097: 0E10     [104]    	LD	C, CTC0
8099: EDB3     [120|21] 	OTIR
809B: 210E80   [130]    	LD	HL, CTC1CD		;CTC1コマンドセットアップ
809E: 0602     [137]    	LD	B, C1END - CTC1CD
80A0: 0E11     [144]    	LD	C, CTC1
80A2: EDB3     [160|21] 	OTIR
80A4: 211080   [170]    	LD	HL, CTC2CD		;CTC2コマンドセットアップ
80A7: 0602     [177]    	LD	B, C2END - CTC2CD
80A9: 0E12     [184]    	LD	C, CTC2
80AB: EDB3     [200|21] 	OTIR
                        ;	LD	HL, CTC3CD		;CTC3コマンドセットアップ	[UniMon]競合箇所
                        ;	LD	B, C3END - CTC3CD
                        ;	LD	C, CTC3
                        ;	OTIR
                        ;	LD	HL, SIOACD		;SIOAコマンドセットアップ	[UniMon]競合箇所
                        ;	LD	B, SAEND - SIOACD
                        ;	LD	C, SIOA + 1		;SIOAコマンドアドレス(19H)
                        ;	OTIR
                        ;	LD	HL, SIOBCD		;SIOBコマンドセットアップ	[UniMon]競合箇所
                        ;	LD	B, SBEND - SIOBCD
                        ;	LD	C, SIOB + 1		;SIOBコマンドアドレス(1BH)
                        ;	OTIR
80AD: 3EDB     [207]    	LD	A, HMCR			;ホルトモードコントロール
80AF: D3F1     [218]    	OUT	(WDC), A
80B1: 3A1480   [231]    	LD	A, (WDMCD)		;ウォッチドッグ，ホルトモードセット
80B4: D3F0     [242]    	OUT	(WDM), A
80B6: 3A1580   [255]    	LD	A, (DGCCD)		;割り込み優先順位セット
80B9: D3F4     [266]    	OUT	(DGC), A
80BB: 3E4E     [ 7]     WDOG:	LD	A, WDCL			;ウォッチドッグクリア
80BD: D3F1     [18]     	OUT	(WDC), A
80BF: C9       [28]     	RET
                        
                        
                        ;**************************************
                        ;	割り込みアドレス，DWL設定
                        ;	アドレス値をそのまま記入
                        ;**************************************
                        
80C0: FFFFFFFF          	ORG	DBUG + 00E4H
80C4: FF...             
80E4: 5381              	DW	INTPA			;PIOA割り込み
80E6: 0000              	DW	0000H			;PIOB割り込み
80E8: 3D81              	DW	INTCT0			;CTC0割り込み
80EA: 4781              	DW	INTCT1			;CTC1割り込み
80EC: 0000              	DW	0000H			;CTC2割り込み
80EE: 0000              	DW	0000H			;CTC3割り込み
80F0: 0000              	DW	0000H			;SIOBトランスミッタバッファエンプティ
80F2: 0000              	DW	0000H			;SIOB外部／ステータス割り込み
80F4: 0000              	DW	0000H			;SIOBレシーバキャラクタアベイラブル
80F6: 0000              	DW	0000H			;SIOB特殊受信状態
80F8: 0000              	DW	0000H			;SIOAトランスミッタバッファエンプティ
80FA: 0000              	DW	0000H			;SIOA外部／ステータス割り込み
80FC: 0000              	DW	0000H			;SIOAレシーバキャラクタアベイラブル
80FE: 0000              	DW	0000H			;SIOA特殊受信状態
                        
                        
                        ;************************************************************************
                        ;	メインルーチンスタート
                        ;************************************************************************
                        
                        	ORG	DBUG + 0100H
                        
8100: F3       [ 4]     START:	DI				;セットアップ中、割り込み不可
8101: ED5E     [12]     	IM	2			;割り込みモード２
8103: 3E80     [19]     	LD	A, DBUG / 100H		;割り込み上位ベクタロード
8105: ED47     [28]     	LD	I, A
8107: 310000   [38]     	LD	SP, 0000H		;スタックポインタ FFFFHから
                        
810A: CD8080   [55]     	CALL	IOSET
810D: FB       [59]     	EI
                        
                        	;ここからプログラムを書く
810E: DB1C     [70]     	IN	A, (PIOA)		;ポートAを入力
8110: 320090   [83]     	LD	(VALUE), A		;VALUEを初期化
8113: 3E30     [90]     	LD	A, '0'
8115: 0E02     [97]     	LD	C, 02H
8117: F7       [108]    	RST	30H			;[UniMon] CONOUT
8118:                   LOOP:
8118: CD2381   [17]     	CALL	LPBK			;ループバック
811B: CDBB80   [34]     	CALL	WDOG			;ウォッチドッグクリア
811E: F3       [38]     	DI
811F: 00       [ 4]     DBGP:	NOP				;[UniMon] デバッグ用ダミー命令
8120: FB       [ 8]     	EI
8121: 18F5     [20]     	JR	LOOP
                        
                        ;ループバック
8123:                   LPBK:
8123: F5       [11]     	PUSH	AF
8124: C5       [22]     	PUSH	BC
8125: 0E05     [29]     	LD	C, 05H
8127: F7       [40]     	RST	30H			;[UniMon] CONST
8128: 2810     [47|52]  	JR	Z, LPBKE
812A: 0E04     [54]     	LD	C, 04H
812C: F7       [65]     	RST	30H			;[UniMon] CONIN
812D: 0E02     [72]     	LD	C, 02H
812F: F7       [83]     	RST	30H			;[UniMon] CONOUT
8130: F3       [87]     	DI				;割り込み禁止
8131: 3A0090   [100]    	LD	A, (VALUE)
8134: C610     [107]    	ADD	A, 10H			;VALUEを更新
8136: 320090   [120]    	LD	(VALUE), A
8139: FB       [124]    	EI				;割り込み許可
813A:                   LPBKE:
813A: C1       [10]     	POP	BC
813B: F1       [20]     	POP	AF
813C: C9       [30]     	RET
                        
                        ;CTC0割り込み (5ms周期)
813D:                   INTCT0:
813D: F5       [11]     	PUSH	AF
813E: 3A0090   [24]     	LD	A, (VALUE)
8141: D31E     [35]     	OUT	(PIOB), A		;ポートBに出力
8143: F1       [45]     	POP	AF
8144: FB       [49]     	EI
8145: ED4D     [63]     	RETI
                        
                        ;CTC1割り込み (1s周期)
8147:                   INTCT1:
8147: F5       [11]     	PUSH	AF
8148: 3A0090   [24]     	LD	A, (VALUE)
814B: 3C       [28]     	INC	A			;VALUEを更新
814C: 320090   [41]     	LD	(VALUE), A
814F: F1       [51]     	POP	AF
8150: FB       [55]     	EI
8151: ED4D     [69]     	RETI
                        
                        ;PIOA割り込み
8153:                   INTPA:
8153: F5       [11]     	PUSH	AF
8154: C5       [22]     	PUSH	BC
8155: DB1C     [33]     	IN	A, (PIOA)		;ポートAを入力
8157: 320090   [46]     	LD	(VALUE), A		;VALUEを更新
815A: 3E31     [53]     	LD	A, '1'
815C: 0E02     [60]     	LD	C, 02H
815E: F7       [71]     	RST	30H			;[UniMon] CONOUT
815F: C1       [81]     	POP	BC
8160: F1       [91]     	POP	AF
8161: FB       [95]     	EI
8162: ED4D     [109]    	RETI
                        
                        
                        ;**************************************
                        ;	ＲＡＭ配置
                        ;**************************************
                        
8164: FFFFFFFF          	ORG	DBUG + 1000H
8168: FF...             
                        
9000: 00                VALUE:	DEFB	00H
                        
                        	END


; +++ segments +++

#CODE          = $8000 = 32768,  size = $1001 =  4097

; +++ global symbols +++

C0END   = $800E = 32782          unimon1_dbg.asm:84
C1END   = $8010 = 32784          unimon1_dbg.asm:88
C2END   = $8012 = 32786          unimon1_dbg.asm:92
C3END   = $8014 = 32788          unimon1_dbg.asm:96 (unused)
CTC0    = $0010 =    16          unimon1_dbg.asm:18
CTC0CD  = $800B = 32779          unimon1_dbg.asm:80
CTC1    = $0011 =    17          unimon1_dbg.asm:19
CTC1CD  = $800E = 32782          unimon1_dbg.asm:85
CTC2    = $0012 =    18          unimon1_dbg.asm:20
CTC2CD  = $8010 = 32784          unimon1_dbg.asm:89
CTC3    = $0013 =    19          unimon1_dbg.asm:21 (unused)
CTC3CD  = $8012 = 32786          unimon1_dbg.asm:93 (unused)
DBGP    = $811F = 33055          unimon1_dbg.asm:231
DBUG    = $8000 = 32768          unimon1_dbg.asm:6
DGC     = $00F4 =   244          unimon1_dbg.asm:26
DGCCD   = $8015 = 32789          unimon1_dbg.asm:103
HMCR    = $00DB =   219          unimon1_dbg.asm:30
INT     = $8038 = 32824          unimon1_dbg.asm:112 (unused)
INTCT0  = $813D = 33085          unimon1_dbg.asm:257
INTCT1  = $8147 = 33095          unimon1_dbg.asm:266
INTPA   = $8153 = 33107          unimon1_dbg.asm:276
IOSET   = $8080 = 32896          unimon1_dbg.asm:140
LOOP    = $8118 = 33048          unimon1_dbg.asm:227
LPBK    = $8123 = 33059          unimon1_dbg.asm:236
LPBKE   = $813A = 33082          unimon1_dbg.asm:251
NMI     = $8066 = 32870          unimon1_dbg.asm:122 (unused)
PAEND   = $8008 = 32776          unimon1_dbg.asm:46
PBEND   = $800B = 32779          unimon1_dbg.asm:53
PIOA    = $001C =    28          unimon1_dbg.asm:10
PIOACD  = $8003 = 32771          unimon1_dbg.asm:40
PIOB    = $001E =    30          unimon1_dbg.asm:11
PIOBCD  = $8008 = 32776          unimon1_dbg.asm:47
SIOA    = $0018 =    24          unimon1_dbg.asm:14 (unused)
SIOB    = $001A =    26          unimon1_dbg.asm:15 (unused)
START   = $8100 = 33024          unimon1_dbg.asm:212
VALUE   = $9000 = 36864          unimon1_dbg.asm:296
WDC     = $00F1 =   241          unimon1_dbg.asm:25
WDCL    = $004E =    78          unimon1_dbg.asm:28
WDDE    = $00B1 =   177          unimon1_dbg.asm:29 (unused)
WDM     = $00F0 =   240          unimon1_dbg.asm:24
WDMCD   = $8014 = 32788          unimon1_dbg.asm:98
WDOG    = $80BB = 32955          unimon1_dbg.asm:179
_end    = $9001 = 36865          unimon1_dbg.asm:38 (unused)
_size   = $1001 =  4097          unimon1_dbg.asm:38 (unused)


total time: 0.0279 sec.
no errors
