+------+----+------+------+------+----+----+------+----+------+------+----+------+------+----+--------------+
|   T  | M1 | MREQ | IORQ | RFSH | RD | WR | AB   | DB | PC   | SP   | IR | AF   | HL   |mem | Asm          |
+------+----+------+------+------+----+----+------+----+------+------+----+------+------+----+--------------+
|  1/1 | M1 |      |      |      |    |    | 0000 | 00 | 0000 | 5555 | 00 | 5555 | 5555 | 40 | LD SP,0030h  |
|  1/0 | M1 | MREQ |      |      | RD |    | 0000 | 00 | 0001 | 5555 | 00 | 5555 | 5555 | 40 | LD SP,0030h  |
|  2/1 | M1 | MREQ |      |      | RD |    | 0000 | 31 | 0001 | 5555 | 00 | 5555 | 5555 | 40 | LD SP,0030h  |
|  2/0 | M1 | MREQ |      |      | RD |    | 0000 | 31 | 0001 | 5555 | 00 | 5555 | 5555 | 40 | LD SP,0030h  |
|  3/1 |    |      |      | RFSH |    |    | 0000 | 31 | 0001 | 5555 | 31 | 5555 | 5555 | 40 | LD SP,0030h  |
|  3/0 |    | MREQ |      | RFSH |    |    | 0000 | 31 | 0001 | 5555 | 31 | 5555 | 5555 | 40 | LD SP,0030h  |
|  4/1 |    | MREQ |      | RFSH |    |    | 0000 | 31 | 0001 | 5555 | 31 | 5555 | 5555 | 40 | LD SP,0030h  |
|  4/0 |    |      |      | RFSH |    |    | 0000 | 31 | 0001 | 5555 | 31 | 5555 | 5555 | 40 | LD SP,0030h  |
|  5/1 |    |      |      |      |    |    | 0001 | 31 | 0001 | 5555 | 31 | 5555 | 5555 | 40 | LD SP,0030h  |
|  5/0 |    | MREQ |      |      | RD |    | 0001 | 31 | 0002 | 5555 | 31 | 5555 | 5555 | 40 | LD SP,0030h  |
|  6/1 |    | MREQ |      |      | RD |    | 0001 | 30 | 0002 | 5555 | 31 | 5555 | 5555 | 40 | LD SP,0030h  |
|  6/0 |    | MREQ |      |      | RD |    | 0001 | 30 | 0002 | 5555 | 31 | 5555 | 5555 | 40 | LD SP,0030h  |
|  7/1 |    | MREQ |      |      | RD |    | 0001 | 30 | 0002 | 5555 | 31 | 5555 | 5555 | 40 | LD SP,0030h  |
|  7/0 |    |      |      |      |    |    | 0001 | 30 | 0002 | 5530 | 31 | 5555 | 5555 | 40 | LD SP,0030h  |
|  8/1 |    |      |      |      |    |    | 0002 | 30 | 0002 | 5530 | 31 | 5555 | 5555 | 40 | LD SP,0030h  |
|  8/0 |    | MREQ |      |      | RD |    | 0002 | 30 | 0003 | 5530 | 31 | 5555 | 5555 | 40 | LD SP,0030h  |
|  9/1 |    | MREQ |      |      | RD |    | 0002 | 00 | 0003 | 5530 | 31 | 5555 | 5555 | 40 | LD SP,0030h  |
|  9/0 |    | MREQ |      |      | RD |    | 0002 | 00 | 0003 | 5530 | 31 | 5555 | 5555 | 40 | LD SP,0030h  |
| 10/1 |    | MREQ |      |      | RD |    | 0002 | 00 | 0003 | 5530 | 31 | 5555 | 5555 | 40 | LD SP,0030h  |
| 10/0 |    |      |      |      |    |    | 0002 | 00 | 0003 | 0030 | 31 | 5555 | 5555 | 40 | LD SP,0030h  |
| 11/1 | M1 |      |      |      |    |    | 0003 | 00 | 0003 | 0030 | 31 | 5555 | 5555 | 40 | CALL 0008h   |
| 11/0 | M1 | MREQ |      |      | RD |    | 0003 | 00 | 0004 | 0030 | 31 | 5555 | 5555 | 40 | CALL 0008h   |
| 12/1 | M1 | MREQ |      |      | RD |    | 0003 | CD | 0004 | 0030 | 31 | 5555 | 5555 | 40 | CALL 0008h   |
| 12/0 | M1 | MREQ |      |      | RD |    | 0003 | CD | 0004 | 0030 | 00 | 5555 | 5555 | 40 | CALL 0008h   |
| 13/1 |    |      |      | RFSH |    |    | 0001 | CD | 0004 | 0030 | CD | 5555 | 5555 | 40 | CALL 0008h   |
| 13/0 |    | MREQ |      | RFSH |    |    | 0001 | CD | 0004 | 0030 | CD | 5555 | 5555 | 40 | CALL 0008h   |
| 14/1 |    | MREQ |      | RFSH |    |    | 0001 | CD | 0004 | 0030 | CD | 5555 | 5555 | 40 | CALL 0008h   |
| 14/0 |    |      |      | RFSH |    |    | 0001 | CD | 0004 | 0030 | CD | 5555 | 5555 | 40 | CALL 0008h   |
| 15/1 |    |      |      |      |    |    | 0004 | CD | 0004 | 0030 | CD | 5555 | 5555 | 40 | CALL 0008h   |
| 15/0 |    | MREQ |      |      | RD |    | 0004 | CD | 0005 | 0030 | CD | 5555 | 5555 | 40 | CALL 0008h   |
| 16/1 |    | MREQ |      |      | RD |    | 0004 | 08 | 0005 | 0030 | CD | 5555 | 5555 | 40 | CALL 0008h   |
| 16/0 |    | MREQ |      |      | RD |    | 0004 | 08 | 0005 | 0030 | CD | 5555 | 5555 | 40 | CALL 0008h   |
| 17/1 |    | MREQ |      |      | RD |    | 0004 | 08 | 0005 | 0030 | CD | 5555 | 5555 | 40 | CALL 0008h   |
| 17/0 |    |      |      |      |    |    | 0004 | 08 | 0005 | 0030 | CD | 5555 | 5555 | 40 | CALL 0008h   |
| 18/1 |    |      |      |      |    |    | 0005 | 08 | 0005 | 0030 | CD | 5555 | 5555 | 40 | CALL 0008h   |
| 18/0 |    | MREQ |      |      | RD |    | 0005 | 08 | 0006 | 0030 | CD | 5555 | 5555 | 40 | CALL 0008h   |
| 19/1 |    | MREQ |      |      | RD |    | 0005 | 00 | 0006 | 0030 | CD | 5555 | 5555 | 40 | CALL 0008h   |
| 19/0 |    | MREQ |      |      | RD |    | 0005 | 00 | 0006 | 0030 | CD | 5555 | 5555 | 40 | CALL 0008h   |
| 20/1 |    | MREQ |      |      | RD |    | 0005 | 00 | 0006 | 0030 | CD | 5555 | 5555 | 40 | CALL 0008h   |
| 20/0 |    |      |      |      |    |    | 0005 | 00 | 0006 | 0030 | CD | 5555 | 5555 | 40 | CALL 0008h   |
| 21/1 |    |      |      |      |    |    | 0005 | 00 | 0006 | 0030 | CD | 5555 | 5555 | 40 | CALL 0008h   |
| 21/0 |    |      |      |      |    |    | 0005 | 00 | 0006 | 002F | CD | 5555 | 5555 | 40 | CALL 0008h   |
| 22/1 |    |      |      |      |    |    | 002F | 00 | 0006 | 002F | CD | 5555 | 5555 | 40 | CALL 0008h   |
| 22/0 |    | MREQ |      |      |    |    | 002F | 00 | 0006 | 002F | CD | 5555 | 5555 | 40 | CALL 0008h   |
| 23/1 |    | MREQ |      |      |    |    | 002F | 00 | 0006 | 002F | CD | 5555 | 5555 | 40 | CALL 0008h   |
| 23/0 |    | MREQ |      |      |    | WR | 002F | 00 | 0006 | 002E | CD | 5555 | 5555 | 40 | CALL 0008h   |
| 24/1 |    | MREQ |      |      |    | WR | 002F | 00 | 0006 | 002E | CD | 5555 | 5555 | 40 | CALL 0008h   |
| 24/0 |    |      |      |      |    |    | 002F | 00 | 0006 | 002E | CD | 5555 | 5555 | 40 | CALL 0008h   |
| 25/1 |    |      |      |      |    |    | 002E | 00 | 0006 | 002E | CD | 5555 | 5555 | 40 | CALL 0008h   |
| 25/0 |    | MREQ |      |      |    |    | 002E | 06 | 0006 | 002E | CD | 5555 | 5555 | 40 | CALL 0008h   |
| 26/1 |    | MREQ |      |      |    |    | 002E | 06 | 0006 | 002E | CD | 5555 | 5555 | 40 | CALL 0008h   |
| 26/0 |    | MREQ |      |      |    | WR | 002E | 06 | 0006 | 002E | CD | 5555 | 5555 | 40 | CALL 0008h   |
| 27/1 |    | MREQ |      |      |    | WR | 002E | 06 | 0006 | 002E | CD | 5555 | 5555 | 40 | CALL 0008h   |
| 27/0 |    |      |      |      |    |    | 002E | 06 | 0006 | 002E | CD | 5555 | 5555 | 40 | CALL 0008h   |
| 28/1 | M1 |      |      |      |    |    | 0008 | 00 | 0006 | 002E | CD | 5555 | 5555 | 40 | LD HL,000Dh  |
| 28/0 | M1 | MREQ |      |      | RD |    | 0008 | 00 | 0009 | 002E | CD | 5555 | 5555 | 40 | LD HL,000Dh  |
| 29/1 | M1 | MREQ |      |      | RD |    | 0008 | 21 | 0009 | 002E | CD | 5555 | 5555 | 40 | LD HL,000Dh  |
| 29/0 | M1 | MREQ |      |      | RD |    | 0008 | 21 | 0009 | 002E | 00 | 5555 | 5555 | 40 | LD HL,000Dh  |
| 30/1 |    |      |      | RFSH |    |    | 0002 | 21 | 0009 | 002E | 21 | 5555 | 5555 | 40 | LD HL,000Dh  |
| 30/0 |    | MREQ |      | RFSH |    |    | 0002 | 21 | 0009 | 002E | 21 | 5555 | 5555 | 40 | LD HL,000Dh  |
| 31/1 |    | MREQ |      | RFSH |    |    | 0002 | 21 | 0009 | 002E | 21 | 5555 | 5555 | 40 | LD HL,000Dh  |
| 31/0 |    |      |      | RFSH |    |    | 0002 | 21 | 0009 | 002E | 21 | 5555 | 5555 | 40 | LD HL,000Dh  |
| 32/1 |    |      |      |      |    |    | 0009 | 21 | 0009 | 002E | 21 | 5555 | 5555 | 40 | LD HL,000Dh  |
| 32/0 |    | MREQ |      |      | RD |    | 0009 | 21 | 000A | 002E | 21 | 5555 | 5555 | 40 | LD HL,000Dh  |
| 33/1 |    | MREQ |      |      | RD |    | 0009 | 0D | 000A | 002E | 21 | 5555 | 5555 | 40 | LD HL,000Dh  |
| 33/0 |    | MREQ |      |      | RD |    | 0009 | 0D | 000A | 002E | 21 | 5555 | 5555 | 40 | LD HL,000Dh  |
| 34/1 |    | MREQ |      |      | RD |    | 0009 | 0D | 000A | 002E | 21 | 5555 | 5555 | 40 | LD HL,000Dh  |
| 34/0 |    |      |      |      |    |    | 0009 | 0D | 000A | 002E | 21 | 5555 | 550D | 40 | LD HL,000Dh  |
| 35/1 |    |      |      |      |    |    | 000A | 0D | 000A | 002E | 21 | 5555 | 550D | 40 | LD HL,000Dh  |
| 35/0 |    | MREQ |      |      | RD |    | 000A | 0D | 000B | 002E | 21 | 5555 | 550D | 40 | LD HL,000Dh  |
| 36/1 |    | MREQ |      |      | RD |    | 000A | 00 | 000B | 002E | 21 | 5555 | 550D | 40 | LD HL,000Dh  |
| 36/0 |    | MREQ |      |      | RD |    | 000A | 00 | 000B | 002E | 21 | 5555 | 550D | 40 | LD HL,000Dh  |
| 37/1 |    | MREQ |      |      | RD |    | 000A | 00 | 000B | 002E | 21 | 5555 | 550D | 40 | LD HL,000Dh  |
| 37/0 |    |      |      |      |    |    | 000A | 00 | 000B | 002E | 21 | 5555 | 000D | 40 | LD HL,000Dh  |
| 38/1 | M1 |      |      |      |    |    | 000B | 00 | 000B | 002E | 21 | 5555 | 000D | 40 | INC (HL)     |
| 38/0 | M1 | MREQ |      |      | RD |    | 000B | 00 | 000C | 002E | 21 | 5555 | 000D | 40 | INC (HL)     |
| 39/1 | M1 | MREQ |      |      | RD |    | 000B | 34 | 000C | 002E | 21 | 5555 | 000D | 40 | INC (HL)     |
| 39/0 | M1 | MREQ |      |      | RD |    | 000B | 34 | 000C | 002E | 00 | 5555 | 000D | 40 | INC (HL)     |
| 40/1 |    |      |      | RFSH |    |    | 0003 | 34 | 000C | 002E | 34 | 5555 | 000D | 40 | INC (HL)     |
| 40/0 |    | MREQ |      | RFSH |    |    | 0003 | 34 | 000C | 002E | 34 | 5555 | 000D | 40 | INC (HL)     |
| 41/1 |    | MREQ |      | RFSH |    |    | 0003 | 34 | 000C | 002E | 34 | 5555 | 000D | 40 | INC (HL)     |
| 41/0 |    |      |      | RFSH |    |    | 0003 | 34 | 000C | 002E | 34 | 5555 | 000D | 40 | INC (HL)     |
| 42/1 |    |      |      |      |    |    | 000D | 34 | 000C | 002E | 34 | 5555 | 000D | 40 | INC (HL)     |
| 42/0 |    | MREQ |      |      | RD |    | 000D | 34 | 000C | 002E | 34 | 5555 | 000D | 40 | INC (HL)     |
| 43/1 |    | MREQ |      |      | RD |    | 000D | 40 | 000C | 002E | 34 | 5555 | 000D | 40 | INC (HL)     |
| 43/0 |    | MREQ |      |      | RD |    | 000D | 40 | 000C | 002E | 34 | 5555 | 000D | 40 | INC (HL)     |
| 44/1 |    | MREQ |      |      | RD |    | 000D | 40 | 000C | 002E | 34 | 5555 | 000D | 40 | INC (HL)     |
| 44/0 |    |      |      |      |    |    | 000D | 40 | 000C | 002E | 34 | 5555 | 000D | 40 | INC (HL)     |
| 45/1 |    |      |      |      |    |    | 000D | 40 | 000C | 002E | 34 | 5555 | 000D | 40 | INC (HL)     |
| 45/0 |    |      |      |      |    |    | 000D | 40 | 000C | 002E | 34 | 5555 | 000D | 40 | INC (HL)     |
| 46/1 |    |      |      |      |    |    | 000D | 40 | 000C | 002E | 34 | 5555 | 000D | 40 | INC (HL)     |
| 46/0 |    | MREQ |      |      |    |    | 000D | 41 | 000C | 002E | 34 | 5555 | 000D | 40 | INC (HL)     |
| 47/1 |    | MREQ |      |      |    |    | 000D | 41 | 000C | 002E | 34 | 5555 | 000D | 40 | INC (HL)     |
| 47/0 |    | MREQ |      |      |    | WR | 000D | 41 | 000C | 002E | 34 | 5555 | 000D | 40 | INC (HL)     |
| 48/1 |    | MREQ |      |      |    | WR | 000D | 41 | 000C | 002E | 34 | 5555 | 000D | 41 | INC (HL)     |
| 48/0 |    |      |      |      |    |    | 000D | 41 | 000C | 002E | 34 | 5555 | 000D | 41 | INC (HL)     |
| 49/1 | M1 |      |      |      |    |    | 000C | 40 | 000C | 002E | 34 | 5555 | 000D | 41 | RET          |
| 49/0 | M1 | MREQ |      |      | RD |    | 000C | 40 | 000D | 002E | 34 | 5555 | 000D | 41 | RET          |
| 50/1 | M1 | MREQ |      |      | RD |    | 000C | C9 | 000D | 002E | 34 | 5555 | 000D | 41 | RET          |
| 50/0 | M1 | MREQ |      |      | RD |    | 000C | C9 | 000D | 002E | 00 | 5555 | 000D | 41 | RET          |
| 51/1 |    |      |      | RFSH |    |    | 0004 | C9 | 000D | 002E | C9 | 5555 | 000D | 41 | RET          |
| 51/0 |    | MREQ |      | RFSH |    |    | 0004 | C9 | 000D | 002E | C9 | 5501 | 000D | 41 | RET          |
| 52/1 |    | MREQ |      | RFSH |    |    | 0004 | C9 | 000D | 002E | C9 | 5501 | 000D | 41 | RET          |
| 52/0 |    |      |      | RFSH |    |    | 0004 | C9 | 000D | 002E | C9 | 5501 | 000D | 41 | RET          |
| 53/1 |    |      |      |      |    |    | 002E | C9 | 000D | 002E | C9 | 5501 | 000D | 41 | RET          |
| 53/0 |    | MREQ |      |      | RD |    | 002E | C9 | 000D | 002E | C9 | 5501 | 000D | 41 | RET          |
| 54/1 |    | MREQ |      |      | RD |    | 002E | 06 | 000D | 002E | C9 | 5501 | 000D | 41 | RET          |
| 54/0 |    | MREQ |      |      | RD |    | 002E | 06 | 000D | 002F | C9 | 5501 | 000D | 41 | RET          |
| 55/1 |    | MREQ |      |      | RD |    | 002E | 06 | 000D | 002F | C9 | 5501 | 000D | 41 | RET          |
| 55/0 |    |      |      |      |    |    | 002E | 06 | 000D | 002F | C9 | 5501 | 000D | 41 | RET          |
| 56/1 |    |      |      |      |    |    | 002F | 06 | 000D | 002F | C9 | 5501 | 000D | 41 | RET          |
| 56/0 |    | MREQ |      |      | RD |    | 002F | 06 | 000D | 002F | C9 | 5501 | 000D | 41 | RET          |
| 57/1 |    | MREQ |      |      | RD |    | 002F | 00 | 000D | 002F | C9 | 5501 | 000D | 41 | RET          |
| 57/0 |    | MREQ |      |      | RD |    | 002F | 00 | 000D | 0030 | C9 | 5501 | 000D | 41 | RET          |
| 58/1 |    | MREQ |      |      | RD |    | 002F | 00 | 000D | 0030 | C9 | 5501 | 000D | 41 | RET          |
| 58/0 |    |      |      |      |    |    | 002F | 00 | 000D | 0030 | C9 | 5501 | 000D | 41 | RET          |
| 59/1 | M1 |      |      |      |    |    | 0006 | 00 | 000D | 0030 | C9 | 5501 | 000D | 41 | JR 0003h     |
| 59/0 | M1 | MREQ |      |      | RD |    | 0006 | 00 | 0007 | 0030 | C9 | 5501 | 000D | 41 | JR 0003h     |
| 60/1 | M1 | MREQ |      |      | RD |    | 0006 | 18 | 0007 | 0030 | C9 | 5501 | 000D | 41 | JR 0003h     |
| 60/0 | M1 | MREQ |      |      | RD |    | 0006 | 18 | 0007 | 0030 | 00 | 5501 | 000D | 41 | JR 0003h     |
| 61/1 |    |      |      | RFSH |    |    | 0005 | 18 | 0007 | 0030 | 18 | 5501 | 000D | 41 | JR 0003h     |
| 61/0 |    | MREQ |      | RFSH |    |    | 0005 | 18 | 0007 | 0030 | 18 | 5501 | 000D | 41 | JR 0003h     |
| 62/1 |    | MREQ |      | RFSH |    |    | 0005 | 18 | 0007 | 0030 | 18 | 5501 | 000D | 41 | JR 0003h     |
| 62/0 |    |      |      | RFSH |    |    | 0005 | 18 | 0007 | 0030 | 18 | 5501 | 000D | 41 | JR 0003h     |
| 63/1 |    |      |      |      |    |    | 0007 | 18 | 0007 | 0030 | 18 | 5501 | 000D | 41 | JR 0003h     |
| 63/0 |    | MREQ |      |      | RD |    | 0007 | 18 | 0008 | 0030 | 18 | 5501 | 000D | 41 | JR 0003h     |
| 64/1 |    | MREQ |      |      | RD |    | 0007 | FB | 0008 | 0030 | 18 | 5501 | 000D | 41 | JR 0003h     |
| 64/0 |    | MREQ |      |      | RD |    | 0007 | FB | 0008 | 0030 | 18 | 5501 | 000D | 41 | JR 0003h     |
| 65/1 |    | MREQ |      |      | RD |    | 0007 | FB | 0008 | 0030 | 18 | 5501 | 000D | 41 | JR 0003h     |
| 65/0 |    |      |      |      |    |    | 0007 | FB | 0008 | 0030 | 18 | 5501 | 000D | 41 | JR 0003h     |
| 66/1 |    |      |      |      |    |    | 0007 | FB | 0008 | 0030 | 18 | 5501 | 000D | 41 | JR 0003h     |
| 66/0 |    |      |      |      |    |    | 0007 | FB | 0008 | 0030 | 18 | 5501 | 000D | 41 | JR 0003h     |
| 67/1 |    |      |      |      |    |    | 0007 | FB | 0008 | 0030 | 18 | 5501 | 000D | 41 | JR 0003h     |
| 67/0 |    |      |      |      |    |    | 0007 | FB | 0008 | 0030 | 18 | 5501 | 000D | 41 | JR 0003h     |
| 68/1 |    |      |      |      |    |    | 0007 | FB | 0008 | 0030 | 18 | 5501 | 000D | 41 | JR 0003h     |
| 68/0 |    |      |      |      |    |    | 0007 | FB | 0008 | 0030 | 18 | 5501 | 000D | 41 | JR 0003h     |
| 69/1 |    |      |      |      |    |    | 0007 | FB | 0008 | 0030 | 18 | 5501 | 000D | 41 | JR 0003h     |
| 69/0 |    |      |      |      |    |    | 0007 | FB | 0008 | 0030 | 18 | 5501 | 000D | 41 | JR 0003h     |
| 70/1 |    |      |      |      |    |    | 0007 | FB | 0008 | 0030 | 18 | 5501 | 000D | 41 | JR 0003h     |
| 70/0 |    |      |      |      |    |    | 0007 | FB | 0008 | 0030 | 18 | 5501 | 000D | 41 | JR 0003h     |
| 71/1 | M1 |      |      |      |    |    | 0003 | FB | 0008 | 0030 | 18 | 5501 | 000D | 41 | CALL 0008h   |
| 71/0 | M1 | MREQ |      |      | RD |    | 0003 | FB | 0004 | 0030 | 18 | 5501 | 000D | 41 | CALL 0008h   |
| 72/1 | M1 | MREQ |      |      | RD |    | 0003 | CD | 0004 | 0030 | 18 | 5501 | 000D | 41 | CALL 0008h   |
| 72/0 | M1 | MREQ |      |      | RD |    | 0003 | CD | 0004 | 0030 | 00 | 5501 | 000D | 41 | CALL 0008h   |
| 73/1 |    |      |      | RFSH |    |    | 0006 | CD | 0004 | 0030 | CD | 5501 | 000D | 41 | CALL 0008h   |
| 73/0 |    | MREQ |      | RFSH |    |    | 0006 | CD | 0004 | 0030 | CD | 5501 | 000D | 41 | CALL 0008h   |
| 74/1 |    | MREQ |      | RFSH |    |    | 0006 | CD | 0004 | 0030 | CD | 5501 | 000D | 41 | CALL 0008h   |
| 74/0 |    |      |      | RFSH |    |    | 0006 | CD | 0004 | 0030 | CD | 5501 | 000D | 41 | CALL 0008h   |
| 75/1 |    |      |      |      |    |    | 0004 | CD | 0004 | 0030 | CD | 5501 | 000D | 41 | CALL 0008h   |
| 75/0 |    | MREQ |      |      | RD |    | 0004 | CD | 0005 | 0030 | CD | 5501 | 000D | 41 | CALL 0008h   |
| 76/1 |    | MREQ |      |      | RD |    | 0004 | 08 | 0005 | 0030 | CD | 5501 | 000D | 41 | CALL 0008h   |
| 76/0 |    | MREQ |      |      | RD |    | 0004 | 08 | 0005 | 0030 | CD | 5501 | 000D | 41 | CALL 0008h   |
| 77/1 |    | MREQ |      |      | RD |    | 0004 | 08 | 0005 | 0030 | CD | 5501 | 000D | 41 | CALL 0008h   |
| 77/0 |    |      |      |      |    |    | 0004 | 08 | 0005 | 0030 | CD | 5501 | 000D | 41 | CALL 0008h   |
| 78/1 |    |      |      |      |    |    | 0005 | 08 | 0005 | 0030 | CD | 5501 | 000D | 41 | CALL 0008h   |
| 78/0 |    | MREQ |      |      | RD |    | 0005 | 08 | 0006 | 0030 | CD | 5501 | 000D | 41 | CALL 0008h   |
| 79/1 |    | MREQ |      |      | RD |    | 0005 | 00 | 0006 | 0030 | CD | 5501 | 000D | 41 | CALL 0008h   |
| 79/0 |    | MREQ |      |      | RD |    | 0005 | 00 | 0006 | 0030 | CD | 5501 | 000D | 41 | CALL 0008h   |
| 80/1 |    | MREQ |      |      | RD |    | 0005 | 00 | 0006 | 0030 | CD | 5501 | 000D | 41 | CALL 0008h   |
| 80/0 |    |      |      |      |    |    | 0005 | 00 | 0006 | 0030 | CD | 5501 | 000D | 41 | CALL 0008h   |
| 81/1 |    |      |      |      |    |    | 0005 | 00 | 0006 | 0030 | CD | 5501 | 000D | 41 | CALL 0008h   |
| 81/0 |    |      |      |      |    |    | 0005 | 00 | 0006 | 002F | CD | 5501 | 000D | 41 | CALL 0008h   |
| 82/1 |    |      |      |      |    |    | 002F | 00 | 0006 | 002F | CD | 5501 | 000D | 41 | CALL 0008h   |
| 82/0 |    | MREQ |      |      |    |    | 002F | 00 | 0006 | 002F | CD | 5501 | 000D | 41 | CALL 0008h   |
| 83/1 |    | MREQ |      |      |    |    | 002F | 00 | 0006 | 002F | CD | 5501 | 000D | 41 | CALL 0008h   |
| 83/0 |    | MREQ |      |      |    | WR | 002F | 00 | 0006 | 002E | CD | 5501 | 000D | 41 | CALL 0008h   |
| 84/1 |    | MREQ |      |      |    | WR | 002F | 00 | 0006 | 002E | CD | 5501 | 000D | 41 | CALL 0008h   |
| 84/0 |    |      |      |      |    |    | 002F | 00 | 0006 | 002E | CD | 5501 | 000D | 41 | CALL 0008h   |
| 85/1 |    |      |      |      |    |    | 002E | 00 | 0006 | 002E | CD | 5501 | 000D | 41 | CALL 0008h   |
| 85/0 |    | MREQ |      |      |    |    | 002E | 06 | 0006 | 002E | CD | 5501 | 000D | 41 | CALL 0008h   |
| 86/1 |    | MREQ |      |      |    |    | 002E | 06 | 0006 | 002E | CD | 5501 | 000D | 41 | CALL 0008h   |
| 86/0 |    | MREQ |      |      |    | WR | 002E | 06 | 0006 | 002E | CD | 5501 | 000D | 41 | CALL 0008h   |
| 87/1 |    | MREQ |      |      |    | WR | 002E | 06 | 0006 | 002E | CD | 5501 | 000D | 41 | CALL 0008h   |
| 87/0 |    |      |      |      |    |    | 002E | 06 | 0006 | 002E | CD | 5501 | 000D | 41 | CALL 0008h   |
| 88/1 | M1 |      |      |      |    |    | 0008 | 00 | 0006 | 002E | CD | 5501 | 000D | 41 | LD HL,000Dh  |
| 88/0 | M1 | MREQ |      |      | RD |    | 0008 | 00 | 0009 | 002E | CD | 5501 | 000D | 41 | LD HL,000Dh  |
