                        ; --------------------------------------
                        ; zasm: assemble "aki80_simple03_mul1.asm"
                        ; date: 2025-04-25 09:23:58
                        ; --------------------------------------


                        ;***************************************************************
                        ;	AKI-80ゴールドボード単体
                        ;***************************************************************
                        
                        ;*******************************
                        ;	定数定義
                        ;*******************************
8000:                   RAM_B	EQU	8000H
                        
                        ;***************************************************************
                        ;	メインルーチン
                        ;***************************************************************
8000:                   	ORG	RAM_B
                        
8000:                   START:
8000: 210000   [10]     	LD	HL, 0000H
8003: 3A4180   [23]     	LD	A, (PARAM2)
8006: FE00     [30]     	CP	00H
8008: 280A     [37|42]  	JR	Z, MUL_E
800A: 47       [41]     	LD	B, A
800B: 3A4080   [54]     	LD	A, (PARAM1)
800E: 1600     [61]     	LD	D, 00H
8010: 5F       [65]     	LD	E, A
8011:                   LOOP:
8011: 19       [11]     	ADD	HL, DE
8012: 10FD     [19|24]  	DJNZ	LOOP
8014:                   MUL_E;
8014: 228080   [16]     	LD	(RESLT1), HL
8017: 00       [20]     	NOP
8018: 18E6     [32]     	JR	START
                        
                        ;*******************************
                        ;	ROM領域
                        ;*******************************
801A: FFFFFFFF          	ORG	RAM_B + 40H
801E: FF...             
                        
8040: AA                PARAM1:	DEFB	0AAH
8041: 55                PARAM2:	DEFB	55H
                        
                        ;*******************************
                        ;	RAM領域
                        ;*******************************
8042: FFFFFFFF          	ORG	RAM_B + 80H
8046: FF...             
                        
8080: FFFF              RESLT1:	DEFS	2
                        
                        	END


; +++ segments +++

#CODE          = $8000 = 32768,  size = $0082 =   130

; +++ global symbols +++

LOOP    = $8011 = 32785          aki80_simple03_mul1.asm:24
MUL_E   = $8014 = 32788          aki80_simple03_mul1.asm:27
PARAM1  = $8040 = 32832          aki80_simple03_mul1.asm:37
PARAM2  = $8041 = 32833          aki80_simple03_mul1.asm:38
RAM_B   = $8000 = 32768          aki80_simple03_mul1.asm:8
RESLT1  = $8080 = 32896          aki80_simple03_mul1.asm:45
START   = $8000 = 32768          aki80_simple03_mul1.asm:15
_end    = $8082 = 32898          aki80_simple03_mul1.asm:13 (unused)
_size   = $0082 =   130          aki80_simple03_mul1.asm:13 (unused)


total time: 0.0054 sec.
no errors
