                        ; --------------------------------------
                        ; zasm: assemble "sample4_1_complement.asm"
                        ; date: 2023-05-20 03:50:26
                        ; --------------------------------------


                        ;***********************************************************
                        ;SAMPLE 4_1_complement
                        ;***********************************************************
                        ;4.1. バイナリ補数
                        ;練習：メモリ位置2040Hの内容から、1の補数を形成する（否定）。
                        ;その結果はメモリ位置2041Hに格納される。
                        ;
                        ;結果はメモリ位置2041Hに95Hが格納される。
                        ;***********************************************************
                        ;
2000:                   	ORG	2000H		;プログラム開始のアドレス
2000:                   BSP1:
2000: 3A4020   [13]     	LD	A,(2040H)	;ロード初期値
2003: 2F       [17]     	CPL			;補数を形成
2004: 324120   [30]     	LD	(2041H),A	;結果を保存
2007: 76       [34]     	HALT			;CPUストップ
                        ;
2008: FFFFFFFF          	ORG	2040H		;アドレスデータ
200C: FF...             
2040: 6A                	DEFB	6AH		;出力値(例)
                        	END


; +++ segments +++

#CODE          = $2000 =  8192,  size = $0041 =    65

; +++ global symbols +++

BSP1    = $2000 =  8192          sample4_1_complement.asm:12 (unused)
_end    = $2041 =  8257          sample4_1_complement.asm:11 (unused)
_size   = $0041 =    65          sample4_1_complement.asm:11 (unused)


total time: 0.0047 sec.
no errors
