                        ; --------------------------------------
                        ; zasm: assemble "sample6_2_6_key.asm"
                        ; date: 2023-05-20 02:51:10
                        ; --------------------------------------


                        ;***********************************************************
                        ;SAMPLE 6_2_6_key
                        ;***********************************************************
                        ;例6：キー値
                        ;モニターサブプログラムを使用して、割り当てられたキー値を決定します。
                        ;サブプログラムDAK2はキーボードの起動と問い合わせを実現します。
                        ;この値はマトリクス配列に対応します。
                        ;
                        ;エミュレータはキー判定が、KEYUPイベントであるため【追加】を挿入した。
                        ;***********************************************************
                        ;
0483:                   DAK2	EQU	0483H
04C3:                   DADP	EQU	04C3H
                        ;
2000:                   	ORG	2000H
2000:                   EX06:
2000: CD8304   [17]     	CALL	DAK2
2003: 38FB     [24|29]  	JR	C,EX06		;【追加】キー押下を判定
2005: CDC304   [41]     	CALL	DADP		;ロードデータ表示
2008: 18F6     [53]     	JR	EX06
                        	END


; +++ segments +++

#CODE          = $2000 =  8192,  size = $000A =    10

; +++ global symbols +++

DADP    = $04C3 =  1219          sample6_2_6_key.asm:13
DAK2    = $0483 =  1155          sample6_2_6_key.asm:12
EX06    = $2000 =  8192          sample6_2_6_key.asm:16
_end    = $200A =  8202          sample6_2_6_key.asm:15 (unused)
_size   = $000A =    10          sample6_2_6_key.asm:15 (unused)


total time: 0.0032 sec.
no errors
