                        ; --------------------------------------
                        ; zasm: assemble "sample1.asm"
                        ; date: 2023-05-06 10:43:01
                        ; --------------------------------------


                        ;***********************************************************
                        ;SAMPLE 1
                        ;***********************************************************
                        ;
04EE:                   MUSIK	EQU	04EEh
                        ;
2000:                   	ORG	2000h
2000:                   START:
2000: FD211020 [14]     	LD	IY,NOTEN
2004: CDEE04   [31]     	CALL	MUSIK
                        ;
2007: FFFFFFFF          	ORG	2010h
200B: FF...             
2010:                   NOTEN:
2010: 0108              	DEFW	0801h
2012: 0208              	DEFW	0802h
2014: 0308              	DEFW	0803h
2016: 40                	DEFB	40h
                        	END


; +++ segments +++

#CODE          = $2000 =  8192,  size = $0017 =    23

; +++ global symbols +++

MUSIK   = $04EE =  1262          sample1.asm:5
NOTEN   = $2010 =  8208          sample1.asm:13
START   = $2000 =  8192          sample1.asm:8 (unused)
_end    = $2017 =  8215          sample1.asm:7 (unused)
_size   = $0017 =    23          sample1.asm:7 (unused)


total time: 0.0035 sec.
no errors
