                        ; --------------------------------------
                        ; zasm: assemble "sample6_1_1_MUSIC_a.asm"
                        ; date: 2023-05-17 03:31:14
                        ; --------------------------------------


                        ;***********************************************************
                        ;SAMPLE 6_1_1_MUSIC_a
                        ;***********************************************************
                        ;レジスタIYは、コード化されたノートが配置されている記憶領域の先頭を指す。
                        ;各2バイトは1つの音を表す。
                        ;1バイト目は音程を、2バイト目は音符の長さを表します。
                        ;1バイト目が80Hの場合は音楽プログラムを終了し、40Hの場合はプログラムを
                        ;最初から開始し、20Hの場合は2バイト目で示される長さの音符を作成する。
                        ;ピッチの値として0H〜1FHが許容される。
                        ;クロック周波数900kHzに対して、連続する数字はそれぞれ半音ステップに対応し、
                        ;これにより最低の70n（OOH）は音色aisにほぼ対応する。
                        ;***********************************************************
                        ;
04EE:                   MUSIC	EQU	04EEH
0617:                   SONG	EQU	0617H
                        ;
2000:                   	ORG	2000H
2000:                   START:
2000: FD211706 [14]     	LD	IY,SONG
2004: CDEE04   [31]     	CALL	MUSIC
                        	END


; +++ segments +++

#CODE          = $2000 =  8192,  size = $0007 =     7

; +++ global symbols +++

MUSIC   = $04EE =  1262          sample6_1_1_MUSIC_a.asm:14
SONG    = $0617 =  1559          sample6_1_1_MUSIC_a.asm:15
START   = $2000 =  8192          sample6_1_1_MUSIC_a.asm:18 (unused)
_end    = $2007 =  8199          sample6_1_1_MUSIC_a.asm:17 (unused)
_size   = $0007 =     7          sample6_1_1_MUSIC_a.asm:17 (unused)


total time: 0.0053 sec.
no errors
