                        ; --------------------------------------
                        ; zasm: assemble "sample4_3_shift.asm"
                        ; date: 2023-05-24 02:56:20
                        ; --------------------------------------


                        ;***********************************************************
                        ;SAMPLE 4_3_shift
                        ;***********************************************************
                        ;4.3 左シフト 
                        ;タスク：メモリ位置 2040H の内容は左に 1ビットシフトされ、
                        ;結果はメモリ位置 2041H に格納されます。
                        ;
                        ;その結果、ODEH はメモリ位置 2041H に格納されます。
                        ;(ビット列11011110B) 
                        ;***********************************************************
                        ;
2000:                   	ORG	2000H		;アドレス開始プログラム
2000:                   BSP3:
2000: 3A4020   [13]     	LD	A,(2040H)	;ロードオペランド
2003: CB27     [21]     	SLA	A		;1回移動する
2005: 324120   [34]     	LD	(2041H),A	;ファイル結果
2008: 76       [38]     	HALT
                        ;
2009: FFFFFFFF          	ORG	2040H		;住所データ
200D: FF...             
2040: 6F                	DEFB	6FH		;ビット列 01101111b
                        	END


; +++ segments +++

#CODE          = $2000 =  8192,  size = $0041 =    65

; +++ global symbols +++

BSP3    = $2000 =  8192          sample4_3_shift.asm:13 (unused)
_end    = $2041 =  8257          sample4_3_shift.asm:12 (unused)
_size   = $0041 =    65          sample4_3_shift.asm:12 (unused)


total time: 0.0062 sec.
no errors
