                        ; --------------------------------------
                        ; zasm: assemble "sample4_6_table.asm"
                        ; date: 2023-05-25 04:59:16
                        ; --------------------------------------


                        ;***********************************************************
                        ;SAMPLE 4_6_table
                        ;***********************************************************
                        ;4.6 平方数の決定
                        ;練習問題：テーブル法を用いて、メモリロケーション2040Hの数字の平方数を決定する。
                        ;その結果は、メモリロケーション2041Hに格納される。
                        ;テーブルはアドレス2060Hから始まり、値は 0 〜 9 になる。
                        ;
                        ;その結果は、メモリロケーション2041Hに09Hが格納される。
                        ;メモリ位置	16進数	10進数
                        ;2060H		OOH	0  (0^2)
                        ;2061H		01H	1  (1^2)
                        ;2062H		04H	4  (2^2)
                        ;2063H		09H	9  (3^2)
                        ;2064H		10H	16 (4^2)
                        ;2065H		19H	25 (5^2)
                        ;2066H		24H	36 (6^2)
                        ;2067H		31H	49 (7^2)
                        ;2068H		40H	64 (8^2)
                        ;2069H		51H	81 (9^2)
                        ;***********************************************************
                        ;
2000:                   	ORG	2000H		;プログラムの開始時のアドレス
2000:                   BSP6:
2000: 3A4020   [13]     	LD	A,(2040H)	;Aの後のシード番号
2003: 6F       [17]     	LD	L,A		;16ビットアドレスのインデックス
2004: 2600     [24]     	LD	H,00H		;Hレジスタのクリア
2006: 116020   [34]     	LD	DE,2060H	;正方形タブの開始アドレス
2009: 19       [45]     	ADD	HL,DE		;開始アドレス+インデックス
200A: 7E       [52]     	LD	A,(HL)		;Aの後の正方形の数
200B: 324120   [65]     	LD	(2041H),A	;結果を保存する
200E: 76       [69]     	HALT
                        ;
200F: FFFFFFFF          	ORG	2040H		;アドレスデータ
2013: FF...             
2040: 03                	DEFB	03H
                        ;
2041: FFFFFFFF          	ORG	2060H		;アドレス平方根タブ
2045: FF...             
2060: 00                	DEFB	0
2061: 01                	DEFB	1
2062: 04                	DEFB	4
2063: 09                	DEFB	9
2064: 10                	DEFB	16
2065: 19                	DEFB	25
2066: 24                	DEFB	36
2067: 31                	DEFB	49
2068: 40                	DEFB	64
2069: 51                	DEFB	81
                        	END


; +++ segments +++

#CODE          = $2000 =  8192,  size = $006A =   106

; +++ global symbols +++

BSP6    = $2000 =  8192          sample4_6_table.asm:24 (unused)
_end    = $206A =  8298          sample4_6_table.asm:23 (unused)
_size   = $006A =   106          sample4_6_table.asm:23 (unused)


total time: 0.0050 sec.
no errors
