                        ; --------------------------------------
                        ; zasm: assemble "sample6_2_7_key.asm"
                        ; date: 2023-05-19 02:11:08
                        ; --------------------------------------


                        ;***********************************************************
                        ;SAMPLE 6_2_7_key
                        ;***********************************************************
                        ;モニタサブプログラムDAK1はDAK2を使用し、モニタでの用途に応じてキー値を決定します。
                        ;***********************************************************
                        ;
045A:                   DAK1	EQU	045AH
04C3:                   DADP	EQU	04C3H
                        ;
2000:                   	ORG	2000H
2000:                   EX07:
2000: CD5A04   [17]     	CALL	DAK1
2003: CDC304   [34]     	CALL	DADP
2006: 18F8     [46]     	JR	EX07
                        	END


; +++ segments +++

#CODE          = $2000 =  8192,  size = $0008 =     8

; +++ global symbols +++

DADP    = $04C3 =  1219          sample6_2_7_key.asm:8
DAK1    = $045A =  1114          sample6_2_7_key.asm:7
EX07    = $2000 =  8192          sample6_2_7_key.asm:11
_end    = $2008 =  8200          sample6_2_7_key.asm:10 (unused)
_size   = $0008 =     8          sample6_2_7_key.asm:10 (unused)


total time: 0.0035 sec.
no errors
