                        ; --------------------------------------
                        ; zasm: assemble "sample4_7_sum.asm"
                        ; date: 2023-05-25 05:03:13
                        ; --------------------------------------


                        ;***********************************************************
                        ;SAMPLE 4_7_sum
                        ;***********************************************************
                        ;4.7 データを合計する
                        ;課題：一連のデータの合計を計算する、その数はメモリロケーション2041Hにある。
                        ;データ列は、メモリ位置 2042H から始まる。
                        ;結果は、メモリ位置 2040B に格納される。(可能なキャリーオーバーは考慮されない)。
                        ;
                        ;28H＋55H＋26H＝A3Hの結果が、メモリロケーション2040Hに格納される。
                        ;***********************************************************
                        ;
2000:                   	ORG	2000H		;プログラムの開始時のアドレス
2000:                   BSP7:
2000: 214120   [10]     	LD	HL,2041H	;アドレス番号
2003: 46       [17]     	LD	B,(HL)		;カウンタ=数値の数
2004: 97       [21]     	SUB	A		;SUM=0
2005:                   SUM:
2005: 23       [ 6]     	INC	HL		;次のアドレス
2006: 86       [13]     	ADD	A,(HL)		;SUM=SUM+新しい数値
2007: 10FC     [21|26]  	DJNZ	SUM		;すべての数字まで実行する
2009: 324020   [34]     	LD	(2040H),A	;結果を保存する
200C: 76       [38]     	HALT
                        ;
200D: FFFFFFFF          	ORG	2040H		;アドレスデータ
2011: FF...             
2040: FF                	DEFS	1		;メモリに結果を保存する
2041: 03                	DEFB	03H
2042: 28                	DEFB	28H
2043: 55                	DEFB	55H
2044: 26                	DEFB	26H
                        	END


; +++ segments +++

#CODE          = $2000 =  8192,  size = $0045 =    69

; +++ global symbols +++

BSP7    = $2000 =  8192          sample4_7_sum.asm:13 (unused)
SUM     = $2005 =  8197          sample4_7_sum.asm:17
_end    = $2045 =  8261          sample4_7_sum.asm:12 (unused)
_size   = $0045 =    69          sample4_7_sum.asm:12 (unused)


total time: 0.0048 sec.
no errors
